1526215743377	geckodriver	INFO	geckodriver 0.20.1
1526215743383	geckodriver	INFO	Listening on 127.0.0.1:52184
1526215744387	mozrunner::runner	INFO	Running command: "/Applications/Firefox.app/Contents/MacOS/firefox" "-marionette" "-profile" "/tmp/rust_mozprofile.GDhxPKYGLVYL"
1526215745033	Marionette	INFO	Enabled via --marionette
2018-05-13 16:49:06.007 plugin-container[28912:704006] *** CFMessagePort: bootstrap_register(): failed 1100 (0x44c) 'Permission denied', port = 0x9a43, name = 'com.apple.tsm.portname'
See /usr/include/servers/bootstrap_defs.h for the error codes.
2018-05-13 16:49:06.007 plugin-container[28912:704006] CFPasteboardRef CFPasteboardCreate(CFAllocatorRef, CFStringRef) : failed to create global data
2018-05-13 16:49:06.007 plugin-container[28912:704006] CFPasteboardRef CFPasteboardCreate(CFAllocatorRef, CFStringRef) : failed to create global data
2018-05-13 16:49:06.007 plugin-container[28912:704006] CFPasteboardRef CFPasteboardCreate(CFAllocatorRef, CFStringRef) : failed to create global data
2018-05-13 16:49:06.009 plugin-container[28912:704006] CFPasteboardRef CFPasteboardCreate(CFAllocatorRef, CFStringRef) : failed to create global data
1526215746508	Marionette	INFO	Listening on port 52188
2018-05-13 16:49:06.879 plugin-container[28913:704077] *** CFMessagePort: bootstrap_register(): failed 1100 (0x44c) 'Permission denied', port = 0x9847, name = 'com.apple.tsm.portname'
See /usr/include/servers/bootstrap_defs.h for the error codes.
2018-05-13 16:49:06.880 plugin-container[28913:704077] CFPasteboardRef CFPasteboardCreate(CFAllocatorRef, CFStringRef) : failed to create global data
2018-05-13 16:49:06.880 plugin-container[28913:704077] CFPasteboardRef CFPasteboardCreate(CFAllocatorRef, CFStringRef) : failed to create global data
2018-05-13 16:49:06.880 plugin-container[28913:704077] CFPasteboardRef CFPasteboardCreate(CFAllocatorRef, CFStringRef) : failed to create global data
2018-05-13 16:49:06.881 plugin-container[28913:704077] CFPasteboardRef CFPasteboardCreate(CFAllocatorRef, CFStringRef) : failed to create global data
2018-05-13 16:51:07.355 plugin-container[28933:705355] *** CFMessagePort: bootstrap_register(): failed 1100 (0x44c) 'Permission denied', port = 0x9a47, name = 'com.apple.tsm.portname'
See /usr/include/servers/bootstrap_defs.h for the error codes.
2018-05-13 16:51:07.355 plugin-container[28933:705355] CFPasteboardRef CFPasteboardCreate(CFAllocatorRef, CFStringRef) : failed to create global data
2018-05-13 16:51:07.356 plugin-container[28933:705355] CFPasteboardRef CFPasteboardCreate(CFAllocatorRef, CFStringRef) : failed to create global data
2018-05-13 16:51:07.356 plugin-container[28933:705355] CFPasteboardRef CFPasteboardCreate(CFAllocatorRef, CFStringRef) : failed to create global data
2018-05-13 16:51:07.357 plugin-container[28933:705355] CFPasteboardRef CFPasteboardCreate(CFAllocatorRef, CFStringRef) : failed to create global data
: failed to create global data
2018-05-13 16:50:02.882 plugin-container[28931:704691] CFPasteboardRef CFPasteboardCreate(CFAllocatorRef, CFStringRef) : failed to create global data
2018-05-13 16:50:02.883 plugin-container[28931:704691] CFPasteboardRef CFPasteboardCreate(CFAllocatorRef, CFStringRef) : failed to create global data
1526215803380	Marionette	INFO	Listening on port 52266
1526215803409	Marionette	WARN	TLS certificate errors will be ignored for this session
2018-05-13 16:50:03.776 plugin-container[28932:704771] *** CFMessagePort: bootstrap_register(): failed 1100 (0x44c) 'Permission denied', port = 0x983f, name = 'com.apple.tsm.portname'
See /usr/include/servers/bootstrap_defs.h for the error codes.
2018-05-13 16:50:03.776 plugin-container[28932:704771] CFPasteboardRef CFPasteboardCreate(CFAllocatorRef, CFStringRef) : failed to create global data
2018-05-13 16:50:03.776 plugin-container[28932:704771] CFPasteboardRef CFPasteboardCreate(CFAllocatorRef, CFStringRef) : failed to create global data
2018-05-13 16:50:03.776 plugin-container[28932:704771] CFPasteboardRef CFPasteboardCreate(CFAllocatorRef, CFStringRef) : failed to create global data
2018-05-13 16:50:03.777 plugin-container[28932:704771] CFPasteboardRef CFPasteboardCreate(CFAllocatorRef, CFStringRef) : failed to create global data
1526215857636	addons.productaddons	WARN	Failed downloading via XHR, status: 0, reason: error
*** UTM:SVC TimerManager:registerTimer called after profile-before-change notification. Ignoring timer registration for id: telemetry_modules_ping
1526215905382	geckodriver	INFO	geckodriver 0.20.1
1526215905388	geckodriver	INFO	Listening on 127.0.0.1:52489
1526215906400	mozrunner::runner	INFO	Running command: "/Applications/Firefox.app/Contents/MacOS/firefox" "-marionette" "-profile" "/tmp/rust_mozprofile.EFJsDyFm7ekx"
1526215907037	Marionette	INFO	Enabled via --marionette
2018-05-13 16:51:47.961 plugin-container[28947:705820] *** CFMessagePort: bootstrap_register(): failed 1100 (0x44c) 'Permission denied', port = 0x9f47, name = 'com.apple.tsm.portname'
See /usr/include/servers/bootstrap_defs.h for the error codes.
2018-05-13 16:51:47.961 plugin-container[28947:705820] CFPasteboardRef CFPasteboardCreate(CFAllocatorRef, CFStringRef) : failed to create global data
2018-05-13 16:51:47.962 plugin-container[28947:705820] CFPasteboardRef CFPasteboardCreate(CFAllocatorRef, CFStringRef) : failed to create global data
2018-05-13 16:51:47.962 plugin-container[28947:705820] CFPasteboardRef CFPasteboardCreate(CFAllocatorRef, CFStringRef) : failed to create global data
2018-05-13 16:51:47.963 plugin-container[28947:705820] CFPasteboardRef CFPasteboardCreate(CFAllocatorRef, CFStringRef) : failed to create global data
1526215908400	Marionette	INFO	Listening on port 52500
1526215908495	Marionette	WARN	TLS certificate errors will be ignored for this session
2018-05-13 16:51:48.836 plugin-container[28948:705896] *** CFMessagePort: bootstrap_register(): failed 1100 (0x44c) 'Permission denied', port = 0x944b, name = 'com.apple.tsm.portname'
See /usr/include/servers/bootstrap_defs.h for the error codes.
2018-05-13 16:51:48.836 plugin-container[28948:705896] CFPasteboardRef CFPasteboardCreate(CFAllocatorRef, CFStringRef) : failed to create global data
2018-05-13 16:51:48.836 plugin-container[28948:705896] CFPasteboardRef CFPasteboardCreate(CFAllocatorRef, CFStringRef) : failed to create global data
2018-05-13 16:51:48.836 plugin-container[28948:705896] CFPasteboardRef CFPasteboardCreate(CFAllocatorRef, CFStringRef) : failed to create global data
2018-05-13 16:51:48.837 plugin-container[28948:705896] CFPasteboardRef CFPasteboardCreate(CFAllocatorRef, CFStringRef) : failed to create global data
JavaScript error: https://tpc.googlesyndication.com/sadbundle/$csp%3Der3%26dns%3Doff$/4791288366385305451/scripts/TextPlate.js, line 88: NS_ERROR_FAILURE: 
JavaScript error: https://tpc.googlesyndication.com/sadbundle/$csp%3Der3%26dns%3Doff$/4791288366385305451/scripts/TextPlate.js, line 88: NS_ERROR_FAILURE: 
JavaScript error: https://tpc.googlesyndication.com/sadbundle/$csp%3Der3%26dns%3Doff$/4791288366385305451/scripts/TextPlate.js, line 88: NS_ERROR_FAILURE: 
JavaScript error: https://tpc.googlesyndication.com/sadbundle/$csp%3Der3%26dns%3Doff$/4791288366385305451/scripts/TextPlate.js, line 88: NS_ERROR_FAILURE: 
JavaScript error: https://tpc.googlesyndication.com/sadbundle/$csp%3Der3%26dns%3Doff$/4791288366385305451/scripts/TextPlate.js, line 88: NS_ERROR_FAILURE: 
JavaScript error: https://tpc.googlesyndication.com/sadbundle/$csp%3Der3%26dns%3Doff$/4791288366385305451/scripts/TextPlate.js, line 88: NS_ERROR_FAILURE: 
JavaScript error: https://tpc.googlesyndication.com/sadbundle/$csp%3Der3%26dns%3Doff$/4791288366385305451/scripts/TextPlate.js, line 88: NS_ERROR_FAILURE: 
JavaScript error: https://tpc.googlesyndication.com/sadbundle/$csp%3Der3%26dns%3Doff$/4791288366385305451/scripts/TextPlate.js, line 88: NS_ERROR_FAILURE: 
JavaScript error: https://tpc.googlesyndication.com/sadbundle/$csp%3Der3%26dns%3Doff$/4791288366385305451/scripts/TextPlate.js, line 88: NS_ERROR_FAILURE: 
JavaScript error: https://tpc.googlesyndication.com/sadbundle/$csp%3Der3%26dns%3Doff$/4791288366385305451/scripts/TextPlate.js, line 88: NS_ERROR_FAILURE: 
JavaScript error: https://tpc.googlesyndication.com/sadbundle/$csp%3Der3%26dns%3Doff$/4791288366385305451/scripts/TextPlate.js, line 88: NS_ERROR_FAILURE: 
JavaScript error: https://tpc.googlesyndication.com/sadbundle/$csp%3Der3%26dns%3Doff$/4791288366385305451/scripts/TextPlate.js, line 88: NS_ERROR_FAILURE: 
JavaScript error: https://tpc.googlesyndication.com/sadbundle/$csp%3Der3%26dns%3Doff$/4791288366385305451/scripts/TextPlate.js, line 88: NS_ERROR_FAILURE: 
JavaScript error: https://tpc.googlesyndication.com/sadbundle/$csp%3Der3%26dns%3Doff$/4791288366385305451/scripts/TextPlate.js, line 88: NS_ERROR_FAILURE: 
JavaScript error: https://tpc.googlesyndication.com/sadbundle/$csp%3Der3%26dns%3Doff$/4791288366385305451/scripts/TextPlate.js, line 88: NS_ERROR_FAILURE: 
JavaScript error: https://tpc.googlesyndication.com/sadbundle/$csp%3Der3%26dns%3Doff$/4791288366385305451/scripts/TextPlate.js, line 88: NS_ERROR_FAILURE: 
JavaScript error: https://tpc.googlesyndication.com/sadbundle/$csp%3Der3%26dns%3Doff$/4791288366385305451/scripts/TextPlate.js, line 88: NS_ERROR_FAILURE: 
JavaScript error: https://tpc.googlesyndication.com/sadbundle/$csp%3Der3%26dns%3Doff$/4791288366385305451/scripts/TextPlate.js, line 88: NS_ERROR_FAILURE: 
JavaScript error: https://tpc.googlesyndication.com/sadbundle/$csp%3Der3%26dns%3Doff$/4791288366385305451/scripts/TextPlate.js, line 88: NS_ERROR_FAILURE: 
JavaScript error: https://tpc.googlesyndication.com/sadbundle/$csp%3Der3%26dns%3Doff$/4791288366385305451/scripts/TextPlate.js, line 88: NS_ERROR_FAILURE: 
JavaScript error: https://tpc.googlesyndication.com/sadbundle/$csp%3Der3%26dns%3Doff$/4791288366385305451/scripts/TextPlate.js, line 88: NS_ERROR_FAILURE: 
JavaScript error: https://tpc.googlesyndication.com/sadbundle/$csp%3Der3%26dns%3Doff$/4791288366385305451/scripts/TextPlate.js, line 88: NS_ERROR_FAILURE: 
JavaScript error: https://tpc.googlesyndication.com/sadbundle/$csp%3Der3%26dns%3Doff$/4791288366385305451/scripts/TextPlate.js, line 88: NS_ERROR_FAILURE: 
JavaScript error: https://tpc.googlesyndication.com/sadbundle/$csp%3Der3%26dns%3Doff$/4791288366385305451/scripts/TextPlate.js, line 88: NS_ERROR_FAILURE: 
JavaScript error: https://tpc.googlesyndication.com/sadbundle/$csp%3Der3%26dns%3Doff$/4791288366385305451/scripts/TextPlate.js, line 88: NS_ERROR_FAILURE: 
JavaScript error: https://tpc.googlesyndication.com/sadbundle/$csp%3Der3%26dns%3Doff$/4791288366385305451/scripts/TextPlate.js, line 88: NS_ERROR_FAILURE: 
JavaScript error: https://tpc.googlesyndication.com/sadbundle/$csp%3Der3%26dns%3Doff$/4791288366385305451/scripts/TextPlate.js, line 88: NS_ERROR_FAILURE: 
JavaScript error: https://tpc.googlesyndication.com/sadbundle/$csp%3Der3%26dns%3Doff$/4791288366385305451/scripts/TextPlate.js, line 88: NS_ERROR_FAILURE: 
JavaScript error: https://tpc.googlesyndication.com/sadbundle/$csp%3Der3%26dns%3Doff$/4791288366385305451/scripts/TextPlate.js, line 88: NS_ERROR_FAILURE: 
JavaScript error: https://tpc.googlesyndication.com/sadbundle/$csp%3Der3%26dns%3Doff$/4791288366385305451/scripts/TextPlate.js, line 88: NS_ERROR_FAILURE: 
JavaScript error: https://tpc.googlesyndication.com/sadbundle/$csp%3Der3%26dns%3Doff$/4791288366385305451/scripts/TextPlate.js, line 88: NS_ERROR_FAILURE: 
JavaScript error: https://tpc.googlesyndication.com/sadbundle/$csp%3Der3%26dns%3Doff$/4791288366385305451/scripts/TextPlate.js, line 88: NS_ERROR_FAILURE: 
JavaScript error: https://tpc.googlesyndication.com/sadbundle/$csp%3Der3%26dns%3Doff$/4791288366385305451/scripts/TextPlate.js, line 88: NS_ERROR_FAILURE: 
JavaScript error: https://tpc.googlesyndication.com/sadbundle/$csp%3Der3%26dns%3Doff$/4791288366385305451/scripts/TextPlate.js, line 88: NS_ERROR_FAILURE: 
JavaScript error: https://tpc.googlesyndication.com/sadbundle/$csp%3Der3%26dns%3Doff$/4791288366385305451/scripts/TextPlate.js, line 88: NS_ERROR_FAILURE: 
JavaScript error: https://tpc.googlesyndication.com/sadbundle/$csp%3Der3%26dns%3Doff$/4791288366385305451/scripts/TextPlate.js, line 88: NS_ERROR_FAILURE: 
JavaScript error: https://tpc.googlesyndication.com/sadbundle/$csp%3Der3%26dns%3Doff$/4791288366385305451/scripts/TextPlate.js, line 88: NS_ERROR_FAILURE: 
JavaScript error: https://tpc.googlesyndication.com/sadbundle/$csp%3Der3%26dns%3Doff$/4791288366385305451/scripts/TextPlate.js, line 88: NS_ERROR_FAILURE: 
JavaScript error: https://tpc.googlesyndication.com/sadbundle/$csp%3Der3%26dns%3Doff$/4791288366385305451/scripts/TextPlate.js, line 88: NS_ERROR_FAILURE: 
JavaScript error: https://tpc.googlesyndication.com/sadbundle/$csp%3Der3%26dns%3Doff$/4791288366385305451/scripts/TextPlate.js, line 88: NS_ERROR_FAILURE: 
JavaScript error: https://tpc.googlesyndication.com/sadbundle/$csp%3Der3%26dns%3Doff$/4791288366385305451/scripts/TextPlate.js, line 88: NS_ERROR_FAILURE: 
JavaScript error: https://tpc.googlesyndication.com/sadbundle/$csp%3Der3%26dns%3Doff$/4791288366385305451/scripts/TextPlate.js, line 88: NS_ERROR_FAILURE: 
JavaScript error: https://tpc.googlesyndication.com/sadbundle/$csp%3Der3%26dns%3Doff$/4791288366385305451/scripts/TextPlate.js, line 88: NS_ERROR_FAILURE: 
JavaScript error: https://tpc.googlesyndication.com/sadbundle/$csp%3Der3%26dns%3Doff$/4791288366385305451/scripts/TextPlate.js, line 88: NS_ERROR_FAILURE: 
JavaScript error: https://tpc.googlesyndication.com/sadbundle/$csp%3Der3%26dns%3Doff$/4791288366385305451/scripts/TextPlate.js, line 88: NS_ERROR_FAILURE: 
JavaScript error: https://tpc.googlesyndication.com/sadbundle/$csp%3Der3%26dns%3Doff$/4791288366385305451/scripts/TextPlate.js, line 88: NS_ERROR_FAILURE: 
JavaScript error: https://tpc.googlesyndication.com/sadbundle/$csp%3Der3%26dns%3Doff$/4791288366385305451/scripts/TextPlate.js, line 88: NS_ERROR_FAILURE: 
JavaScript error: https://tpc.googlesyndication.com/sadbundle/$csp%3Der3%26dns%3Doff$/4791288366385305451/scripts/TextPlate.js, line 88: NS_ERROR_FAILURE: 
JavaScript error: https://tpc.googlesyndication.com/sadbundle/$csp%3Der3%26dns%3Doff$/4791288366385305451/scripts/TextPlate.js, line 88: NS_ERROR_FAILURE: 
JavaScript error: https://tpc.googlesyndication.com/sadbundle/$csp%3Der3%26dns%3Doff$/4791288366385305451/scripts/TextPlate.js, line 88: NS_ERROR_FAILURE: 
JavaScript error: https://tpc.googlesyndication.com/sadbundle/$csp%3Der3%26dns%3Doff$/4791288366385305451/scripts/TextPlate.js, line 88: NS_ERROR_FAILURE: 
JavaScript error: https://tpc.googlesyndication.com/sadbundle/$csp%3Der3%26dns%3Doff$/4791288366385305451/scripts/TextPlate.js, line 88: NS_ERROR_FAILURE: 
JavaScript error: https://tpc.googlesyndication.com/sadbundle/$csp%3Der3%26dns%3Doff$/4791288366385305451/scripts/TextPlate.js, line 88: NS_ERROR_FAILURE: 
JavaScript error: https://tpc.googlesyndication.com/sadbundle/$csp%3Der3%26dns%3Doff$/4791288366385305451/scripts/TextPlate.js, line 88: NS_ERROR_FAILURE: 
JavaScript error: https://tpc.googlesyndication.com/sadbundle/$csp%3Der3%26dns%3Doff$/4791288366385305451/scripts/TextPlate.js, line 88: NS_ERROR_FAILURE: 
JavaScript error: https://tpc.googlesyndication.com/sadbundle/$csp%3Der3%26dns%3Doff$/4791288366385305451/scripts/TextPlate.js, line 88: NS_ERROR_FAILURE: 
JavaScript error: https://tpc.googlesyndication.com/sadbundle/$csp%3Der3%26dns%3Doff$/4791288366385305451/scripts/TextPlate.js, line 88: NS_ERROR_FAILURE: 
JavaScript error: https://tpc.googlesyndication.com/sadbundle/$csp%3Der3%26dns%3Doff$/4791288366385305451/scripts/TextPlate.js, line 88: NS_ERROR_FAILURE: 
JavaScript error: https://tpc.googlesyndication.com/sadbundle/$csp%3Der3%26dns%3Doff$/4791288366385305451/scripts/TextPlate.js, line 88: NS_ERROR_FAILURE: 
JavaScript error: https://tpc.googlesyndication.com/sadbundle/$csp%3Der3%26dns%3Doff$/4791288366385305451/scripts/TextPlate.js, line 88: NS_ERROR_FAILURE: 
JavaScript error: https://tpc.googlesyndication.com/sadbundle/$csp%3Der3%26dns%3Doff$/4791288366385305451/scripts/TextPlate.js, line 88: NS_ERROR_FAILURE: 
JavaScript error: https://tpc.googlesyndication.com/sadbundle/$csp%3Der3%26dns%3Doff$/4791288366385305451/scripts/TextPlate.js, line 88: NS_ERROR_FAILURE: 
JavaScript error: https://tpc.googlesyndication.com/sadbundle/$csp%3Der3%26dns%3Doff$/4791288366385305451/scripts/TextPlate.js, line 88: NS_ERROR_FAILURE: 
JavaScript error: https://tpc.googlesyndication.com/sadbundle/$csp%3Der3%26dns%3Doff$/4791288366385305451/scripts/TextPlate.js, line 88: NS_ERROR_FAILURE: 
JavaScript error: https://tpc.googlesyndication.com/sadbundle/$csp%3Der3%26dns%3Doff$/4791288366385305451/scripts/TextPlate.js, line 88: NS_ERROR_FAILURE: 
JavaScript error: https://tpc.googlesyndication.com/sadbundle/$csp%3Der3%26dns%3Doff$/4791288366385305451/scripts/TextPlate.js, line 88: NS_ERROR_FAILURE: 
JavaScript error: https://tpc.googlesyndication.com/sadbundle/$csp%3Der3%26dns%3Doff$/4791288366385305451/scripts/TextPlate.js, line 88: NS_ERROR_FAILURE: 
JavaScript error: https://tpc.googlesyndication.com/sadbundle/$csp%3Der3%26dns%3Doff$/4791288366385305451/scripts/TextPlate.js, line 88: NS_ERROR_FAILURE: 
JavaScript error: https://tpc.googlesyndication.com/sadbundle/$csp%3Der3%26dns%3Doff$/4791288366385305451/scripts/TextPlate.js, line 88: NS_ERROR_FAILURE: 
JavaScript error: https://tpc.googlesyndication.com/sadbundle/$csp%3Der3%26dns%3Doff$/4791288366385305451/scripts/TextPlate.js, line 88: NS_ERROR_FAILURE: 
JavaScript error: https://tpc.googlesyndication.com/sadbundle/$csp%3Der3%26dns%3Doff$/4791288366385305451/scripts/TextPlate.js, line 88: NS_ERROR_FAILURE: 
JavaScript error: https://tpc.googlesyndication.com/sadbundle/$csp%3Der3%26dns%3Doff$/4791288366385305451/scripts/TextPlate.js, line 88: NS_ERROR_FAILURE: 
JavaScript error: https://tpc.googlesyndication.com/sadbundle/$csp%3Der3%26dns%3Doff$/4791288366385305451/scripts/TextPlate.js, line 88: NS_ERROR_FAILURE: 
JavaScript error: https://tpc.googlesyndication.com/sadbundle/$csp%3Der3%26dns%3Doff$/4791288366385305451/scripts/TextPlate.js, line 88: NS_ERROR_FAILURE: 
JavaScript error: https://tpc.googlesyndication.com/sadbundle/$csp%3Der3%26dns%3Doff$/4791288366385305451/scripts/TextPlate.js, line 88: NS_ERROR_FAILURE: 
JavaScript error: https://tpc.googlesyndication.com/sadbundle/$csp%3Der3%26dns%3Doff$/4791288366385305451/scripts/TextPlate.js, line 88: NS_ERROR_FAILURE: 
JavaScript error: https://tpc.googlesyndication.com/sadbundle/$csp%3Der3%26dns%3Doff$/4791288366385305451/scripts/TextPlate.js, line 88: NS_ERROR_FAILURE: 
JavaScript error: https://tpc.googlesyndication.com/sadbundle/$csp%3Der3%26dns%3Doff$/4791288366385305451/scripts/TextPlate.js, line 88: NS_ERROR_FAILURE: 
JavaScript error: https://tpc.googlesyndication.com/sadbundle/$csp%3Der3%26dns%3Doff$/4791288366385305451/scripts/TextPlate.js, line 88: NS_ERROR_FAILURE: 
JavaScript error: https://tpc.googlesyndication.com/sadbundle/$csp%3Der3%26dns%3Doff$/4791288366385305451/scripts/TextPlate.js, line 88: NS_ERROR_FAILURE: 
JavaScript error: https://tpc.googlesyndication.com/sadbundle/$csp%3Der3%26dns%3Doff$/4791288366385305451/scripts/TextPlate.js, line 88: NS_ERROR_FAILURE: 
JavaScript error: https://tpc.googlesyndication.com/sadbundle/$csp%3Der3%26dns%3Doff$/4791288366385305451/scripts/TextPlate.js, line 88: NS_ERROR_FAILURE: 
JavaScript error: https://tpc.googlesyndication.com/sadbundle/$csp%3Der3%26dns%3Doff$/4791288366385305451/scripts/TextPlate.js, line 88: NS_ERROR_FAILURE: 
JavaScript error: https://tpc.googlesyndication.com/sadbundle/$csp%3Der3%26dns%3Doff$/4791288366385305451/scripts/TextPlate.js, line 88: NS_ERROR_FAILURE: 
JavaScript error: https://tpc.googlesyndication.com/sadbundle/$csp%3Der3%26dns%3Doff$/4791288366385305451/scripts/TextPlate.js, line 88: NS_ERROR_FAILURE: 
JavaScript error: https://tpc.googlesyndication.com/sadbundle/$csp%3Der3%26dns%3Doff$/4791288366385305451/scripts/TextPlate.js, line 88: NS_ERROR_FAILURE: 
JavaScript error: https://tpc.googlesyndication.com/sadbundle/$csp%3Der3%26dns%3Doff$/4791288366385305451/scripts/TextPlate.js, line 88: NS_ERROR_FAILURE: 
JavaScript error: https://tpc.googlesyndication.com/sadbundle/$csp%3Der3%26dns%3Doff$/4791288366385305451/scripts/TextPlate.js, line 88: NS_ERROR_FAILURE: 
JavaScript error: https://tpc.googlesyndication.com/sadbundle/$csp%3Der3%26dns%3Doff$/4791288366385305451/scripts/TextPlate.js, line 88: NS_ERROR_FAILURE: 
JavaScript error: https://tpc.googlesyndication.com/sadbundle/$csp%3Der3%26dns%3Doff$/4791288366385305451/scripts/TextPlate.js, line 88: NS_ERROR_FAILURE: 
JavaScript error: https://tpc.googlesyndication.com/sadbundle/$csp%3Der3%26dns%3Doff$/4791288366385305451/scripts/TextPlate.js, line 88: NS_ERROR_FAILURE: 
JavaScript error: https://tpc.googlesyndication.com/sadbundle/$csp%3Der3%26dns%3Doff$/4791288366385305451/scripts/TextPlate.js, line 88: NS_ERROR_FAILURE: 
JavaScript error: https://tpc.googlesyndication.com/sadbundle/$csp%3Der3%26dns%3Doff$/4791288366385305451/scripts/TextPlate.js, line 88: NS_ERROR_FAILURE: 
JavaScript error: https://tpc.googlesyndication.com/sadbundle/$csp%3Der3%26dns%3Doff$/4791288366385305451/scripts/TextPlate.js, line 88: NS_ERROR_FAILURE: 
JavaScript error: https://tpc.googlesyndication.com/sadbundle/$csp%3Der3%26dns%3Doff$/4791288366385305451/scripts/TextPlate.js, line 88: NS_ERROR_FAILURE: 
JavaScript error: https://tpc.googlesyndication.com/sadbundle/$csp%3Der3%26dns%3Doff$/4791288366385305451/scripts/TextPlate.js, line 88: NS_ERROR_FAILURE: 
JavaScript error: https://tpc.googlesyndication.com/sadbundle/$csp%3Der3%26dns%3Doff$/4791288366385305451/scripts/TextPlate.js, line 88: NS_ERROR_FAILURE: 
JavaScript error: https://tpc.googlesyndication.com/sadbundle/$csp%3Der3%26dns%3Doff$/4791288366385305451/scripts/TextPlate.js, line 88: NS_ERROR_FAILURE: 
JavaScript error: https://tpc.googlesyndication.com/sadbundle/$csp%3Der3%26dns%3Doff$/4791288366385305451/scripts/TextPlate.js, line 88: NS_ERROR_FAILURE: 
JavaScript error: https://tpc.googlesyndication.com/sadbundle/$csp%3Der3%26dns%3Doff$/4791288366385305451/scripts/TextPlate.js, line 88: NS_ERROR_FAILURE: 
JavaScript error: https://tpc.googlesyndication.com/sadbundle/$csp%3Der3%26dns%3Doff$/4791288366385305451/scripts/TextPlate.js, line 88: NS_ERROR_FAILURE: 
JavaScript error: https://tpc.googlesyndication.com/sadbundle/$csp%3Der3%26dns%3Doff$/4791288366385305451/scripts/TextPlate.js, line 88: NS_ERROR_FAILURE: 
JavaScript error: https://tpc.googlesyndication.com/sadbundle/$csp%3Der3%26dns%3Doff$/4791288366385305451/scripts/TextPlate.js, line 88: NS_ERROR_FAILURE: 
JavaScript error: https://tpc.googlesyndication.com/sadbundle/$csp%3Der3%26dns%3Doff$/4791288366385305451/scripts/TextPlate.js, line 88: NS_ERROR_FAILURE: 
JavaScript error: https://tpc.googlesyndication.com/sadbundle/$csp%3Der3%26dns%3Doff$/4791288366385305451/scripts/TextPlate.js, line 88: NS_ERROR_FAILURE: 
JavaScript error: https://tpc.googlesyndication.com/sadbundle/$csp%3Der3%26dns%3Doff$/4791288366385305451/scripts/TextPlate.js, line 88: NS_ERROR_FAILURE: 
JavaScript error: https://tpc.googlesyndication.com/sadbundle/$csp%3Der3%26dns%3Doff$/4791288366385305451/scripts/TextPlate.js, line 88: NS_ERROR_FAILURE: 
JavaScript error: https://tpc.googlesyndication.com/sadbundle/$csp%3Der3%26dns%3Doff$/4791288366385305451/scripts/TextPlate.js, line 88: NS_ERROR_FAILURE: 
JavaScript error: https://tpc.googlesyndication.com/sadbundle/$csp%3Der3%26dns%3Doff$/4791288366385305451/scripts/TextPlate.js, line 88: NS_ERROR_FAILURE: 
JavaScript error: https://tpc.googlesyndication.com/sadbundle/$csp%3Der3%26dns%3Doff$/4791288366385305451/scripts/TextPlate.js, line 88: NS_ERROR_FAILURE: 
JavaScript error: https://tpc.googlesyndication.com/sadbundle/$csp%3Der3%26dns%3Doff$/4791288366385305451/scripts/TextPlate.js, line 88: NS_ERROR_FAILURE: 
JavaScript error: https://tpc.googlesyndication.com/sadbundle/$csp%3Der3%26dns%3Doff$/4791288366385305451/scripts/TextPlate.js, line 88: NS_ERROR_FAILURE: 
JavaScript error: https://tpc.googlesyndication.com/sadbundle/$csp%3Der3%26dns%3Doff$/4791288366385305451/scripts/TextPlate.js, line 88: NS_ERROR_FAILURE: 
JavaScript error: https://tpc.googlesyndication.com/sadbundle/$csp%3Der3%26dns%3Doff$/4791288366385305451/scripts/TextPlate.js, line 88: NS_ERROR_FAILURE: 
JavaScript error: https://tpc.googlesyndication.com/sadbundle/$csp%3Der3%26dns%3Doff$/4791288366385305451/scripts/TextPlate.js, line 88: NS_ERROR_FAILURE: 
JavaScript error: https://tpc.googlesyndication.com/sadbundle/$csp%3Der3%26dns%3Doff$/4791288366385305451/scripts/TextPlate.js, line 88: NS_ERROR_FAILURE: 
JavaScript error: https://tpc.googlesyndication.com/sadbundle/$csp%3Der3%26dns%3Doff$/4791288366385305451/scripts/TextPlate.js, line 88: NS_ERROR_FAILURE: 
JavaScript error: https://tpc.googlesyndication.com/sadbundle/$csp%3Der3%26dns%3Doff$/4791288366385305451/scripts/TextPlate.js, line 88: NS_ERROR_FAILURE: 
JavaScript error: https://tpc.googlesyndication.com/sadbundle/$csp%3Der3%26dns%3Doff$/4791288366385305451/scripts/TextPlate.js, line 88: NS_ERROR_FAILURE: 
JavaScript error: https://tpc.googlesyndication.com/sadbundle/$csp%3Der3%26dns%3Doff$/4791288366385305451/scripts/TextPlate.js, line 88: NS_ERROR_FAILURE: 
JavaScript error: https://tpc.googlesyndication.com/sadbundle/$csp%3Der3%26dns%3Doff$/4791288366385305451/scripts/TextPlate.js, line 88: NS_ERROR_FAILURE: 
JavaScript error: https://tpc.googlesyndication.com/sadbundle/$csp%3Der3%26dns%3Doff$/4791288366385305451/scripts/TextPlate.js, line 88: NS_ERROR_FAILURE: 
JavaScript error: https://tpc.googlesyndication.com/sadbundle/$csp%3Der3%26dns%3Doff$/4791288366385305451/scripts/TextPlate.js, line 88: NS_ERROR_FAILURE: 
JavaScript error: https://tpc.googlesyndication.com/sadbundle/$csp%3Der3%26dns%3Doff$/4791288366385305451/scripts/TextPlate.js, line 88: NS_ERROR_FAILURE: 
JavaScript error: https://tpc.googlesyndication.com/sadbundle/$csp%3Der3%26dns%3Doff$/4791288366385305451/scripts/TextPlate.js, line 88: NS_ERROR_FAILURE: 
JavaScript error: https://tpc.googlesyndication.com/sadbundle/$csp%3Der3%26dns%3Doff$/4791288366385305451/scripts/TextPlate.js, line 88: NS_ERROR_FAILURE: 
JavaScript error: https://tpc.googlesyndication.com/sadbundle/$csp%3Der3%26dns%3Doff$/4791288366385305451/scripts/TextPlate.js, line 88: NS_ERROR_FAILURE: 
JavaScript error: https://tpc.googlesyndication.com/sadbundle/$csp%3Der3%26dns%3Doff$/4791288366385305451/scripts/TextPlate.js, line 88: NS_ERROR_FAILURE: 
JavaScript error: https://tpc.googlesyndication.com/sadbundle/$csp%3Der3%26dns%3Doff$/4791288366385305451/scripts/TextPlate.js, line 88: NS_ERROR_FAILURE: 
JavaScript error: https://tpc.googlesyndication.com/sadbundle/$csp%3Der3%26dns%3Doff$/4791288366385305451/scripts/TextPlate.js, line 88: NS_ERROR_FAILURE: 
JavaScript error: https://tpc.googlesyndication.com/sadbundle/$csp%3Der3%26dns%3Doff$/4791288366385305451/scripts/TextPlate.js, line 88: NS_ERROR_FAILURE: 
JavaScript error: https://tpc.googlesyndication.com/sadbundle/$csp%3Der3%26dns%3Doff$/4791288366385305451/scripts/TextPlate.js, line 88: NS_ERROR_FAILURE: 
JavaScript error: https://tpc.googlesyndication.com/sadbundle/$csp%3Der3%26dns%3Doff$/4791288366385305451/scripts/TextPlate.js, line 88: NS_ERROR_FAILURE: 
JavaScript error: https://tpc.googlesyndication.com/sadbundle/$csp%3Der3%26dns%3Doff$/4791288366385305451/scripts/TextPlate.js, line 88: NS_ERROR_FAILURE: 
JavaScript error: https://tpc.googlesyndication.com/sadbundle/$csp%3Der3%26dns%3Doff$/4791288366385305451/scripts/TextPlate.js, line 88: NS_ERROR_FAILURE: 
JavaScript error: https://tpc.googlesyndication.com/sadbundle/$csp%3Der3%26dns%3Doff$/4791288366385305451/scripts/TextPlate.js, line 88: NS_ERROR_FAILURE: 
JavaScript error: https://tpc.googlesyndication.com/sadbundle/$csp%3Der3%26dns%3Doff$/4791288366385305451/scripts/TextPlate.js, line 88: NS_ERROR_FAILURE: 
JavaScript error: https://tpc.googlesyndication.com/sadbundle/$csp%3Der3%26dns%3Doff$/4791288366385305451/scripts/TextPlate.js, line 88: NS_ERROR_FAILURE: 
JavaScript error: https://tpc.googlesyndication.com/sadbundle/$csp%3Der3%26dns%3Doff$/4791288366385305451/scripts/TextPlate.js, line 88: NS_ERROR_FAILURE: 
JavaScript error: https://tpc.googlesyndication.com/sadbundle/$csp%3Der3%26dns%3Doff$/4791288366385305451/scripts/TextPlate.js, line 88: NS_ERROR_FAILURE: 
JavaScript error: https://tpc.googlesyndication.com/sadbundle/$csp%3Der3%26dns%3Doff$/4791288366385305451/scripts/TextPlate.js, line 88: NS_ERROR_FAILURE: 
JavaScript error: https://tpc.googlesyndication.com/sadbundle/$csp%3Der3%26dns%3Doff$/4791288366385305451/scripts/TextPlate.js, line 88: NS_ERROR_FAILURE: 
JavaScript error: https://tpc.googlesyndication.com/sadbundle/$csp%3Der3%26dns%3Doff$/4791288366385305451/scripts/TextPlate.js, line 88: NS_ERROR_FAILURE: 
JavaScript error: https://tpc.googlesyndication.com/sadbundle/$csp%3Der3%26dns%3Doff$/4791288366385305451/scripts/TextPlate.js, line 88: NS_ERROR_FAILURE: 
JavaScript error: https://tpc.googlesyndication.com/sadbundle/$csp%3Der3%26dns%3Doff$/4791288366385305451/scripts/TextPlate.js, line 88: NS_ERROR_FAILURE: 
JavaScript error: https://tpc.googlesyndication.com/sadbundle/$csp%3Der3%26dns%3Doff$/4791288366385305451/scripts/TextPlate.js, line 88: NS_ERROR_FAILURE: 
JavaScript error: https://tpc.googlesyndication.com/sadbundle/$csp%3Der3%26dns%3Doff$/4791288366385305451/scripts/TextPlate.js, line 88: NS_ERROR_FAILURE: 
JavaScript error: https://tpc.googlesyndication.com/sadbundle/$csp%3Der3%26dns%3Doff$/4791288366385305451/scripts/TextPlate.js, line 88: NS_ERROR_FAILURE: 
JavaScript error: https://tpc.googlesyndication.com/sadbundle/$csp%3Der3%26dns%3Doff$/4791288366385305451/scripts/TextPlate.js, line 88: NS_ERROR_FAILURE: 
JavaScript error: https://tpc.googlesyndication.com/sadbundle/$csp%3Der3%26dns%3Doff$/4791288366385305451/scripts/TextPlate.js, line 88: NS_ERROR_FAILURE: 
JavaScript error: https://tpc.googlesyndication.com/sadbundle/$csp%3Der3%26dns%3Doff$/4791288366385305451/scripts/TextPlate.js, line 88: NS_ERROR_FAILURE: 
JavaScript error: https://tpc.googlesyndication.com/sadbundle/$csp%3Der3%26dns%3Doff$/4791288366385305451/scripts/TextPlate.js, line 88: NS_ERROR_FAILURE: 
JavaScript error: https://tpc.googlesyndication.com/sadbundle/$csp%3Der3%26dns%3Doff$/4791288366385305451/scripts/TextPlate.js, line 88: NS_ERROR_FAILURE: 
JavaScript error: https://tpc.googlesyndication.com/sadbundle/$csp%3Der3%26dns%3Doff$/4791288366385305451/scripts/TextPlate.js, line 88: NS_ERROR_FAILURE: 
JavaScript error: https://tpc.googlesyndication.com/sadbundle/$csp%3Der3%26dns%3Doff$/4791288366385305451/scripts/TextPlate.js, line 88: NS_ERROR_FAILURE: 
JavaScript error: https://tpc.googlesyndication.com/sadbundle/$csp%3Der3%26dns%3Doff$/4791288366385305451/scripts/TextPlate.js, line 88: NS_ERROR_FAILURE: 
JavaScript error: https://tpc.googlesyndication.com/sadbundle/$csp%3Der3%26dns%3Doff$/4791288366385305451/scripts/TextPlate.js, line 88: NS_ERROR_FAILURE: 
JavaScript error: https://tpc.googlesyndication.com/sadbundle/$csp%3Der3%26dns%3Doff$/4791288366385305451/scripts/TextPlate.js, line 88: NS_ERROR_FAILURE: 
JavaScript error: https://tpc.googlesyndication.com/sadbundle/$csp%3Der3%26dns%3Doff$/4791288366385305451/scripts/TextPlate.js, line 88: NS_ERROR_FAILURE: 
JavaScript error: https://tpc.googlesyndication.com/sadbundle/$csp%3Der3%26dns%3Doff$/4791288366385305451/scripts/TextPlate.js, line 88: NS_ERROR_FAILURE: 
JavaScript error: https://tpc.googlesyndication.com/sadbundle/$csp%3Der3%26dns%3Doff$/4791288366385305451/scripts/TextPlate.js, line 88: NS_ERROR_FAILURE: 
JavaScript error: https://tpc.googlesyndication.com/sadbundle/$csp%3Der3%26dns%3Doff$/4791288366385305451/scripts/TextPlate.js, line 88: NS_ERROR_FAILURE: 
JavaScript error: https://tpc.googlesyndication.com/sadbundle/$csp%3Der3%26dns%3Doff$/4791288366385305451/scripts/TextPlate.js, line 88: NS_ERROR_FAILURE: 
JavaScript error: https://tpc.googlesyndication.com/sadbundle/$csp%3Der3%26dns%3Doff$/4791288366385305451/scripts/TextPlate.js, line 88: NS_ERROR_FAILURE: 
JavaScript error: https://tpc.googlesyndication.com/sadbundle/$csp%3Der3%26dns%3Doff$/4791288366385305451/scripts/TextPlate.js, line 88: NS_ERROR_FAILURE: 
JavaScript error: https://tpc.googlesyndication.com/sadbundle/$csp%3Der3%26dns%3Doff$/4791288366385305451/scripts/TextPlate.js, line 88: NS_ERROR_FAILURE: 
JavaScript error: https://tpc.googlesyndication.com/sadbundle/$csp%3Der3%26dns%3Doff$/4791288366385305451/scripts/TextPlate.js, line 88: NS_ERROR_FAILURE: 
JavaScript error: https://tpc.googlesyndication.com/sadbundle/$csp%3Der3%26dns%3Doff$/4791288366385305451/scripts/TextPlate.js, line 88: NS_ERROR_FAILURE: 
JavaScript error: https://tpc.googlesyndication.com/sadbundle/$csp%3Der3%26dns%3Doff$/4791288366385305451/scripts/TextPlate.js, line 88: NS_ERROR_FAILURE: 
JavaScript error: https://tpc.googlesyndication.com/sadbundle/$csp%3Der3%26dns%3Doff$/4791288366385305451/scripts/TextPlate.js, line 88: NS_ERROR_FAILURE: 
JavaScript error: https://tpc.googlesyndication.com/sadbundle/$csp%3Der3%26dns%3Doff$/4791288366385305451/scripts/TextPlate.js, line 88: NS_ERROR_FAILURE: 
JavaScript error: https://tpc.googlesyndication.com/sadbundle/$csp%3Der3%26dns%3Doff$/4791288366385305451/scripts/TextPlate.js, line 88: NS_ERROR_FAILURE: 
JavaScript error: https://tpc.googlesyndication.com/sadbundle/$csp%3Der3%26dns%3Doff$/4791288366385305451/scripts/TextPlate.js, line 88: NS_ERROR_FAILURE: 
JavaScript error: https://tpc.googlesyndication.com/sadbundle/$csp%3Der3%26dns%3Doff$/4791288366385305451/scripts/TextPlate.js, line 88: NS_ERROR_FAILURE: 
JavaScript error: https://tpc.googlesyndication.com/sadbundle/$csp%3Der3%26dns%3Doff$/4791288366385305451/scripts/TextPlate.js, line 88: NS_ERROR_FAILURE: 
JavaScript error: https://tpc.googlesyndication.com/sadbundle/$csp%3Der3%26dns%3Doff$/4791288366385305451/scripts/TextPlate.js, line 88: NS_ERROR_FAILURE: 
JavaScript error: https://tpc.googlesyndication.com/sadbundle/$csp%3Der3%26dns%3Doff$/4791288366385305451/scripts/TextPlate.js, line 88: NS_ERROR_FAILURE: 
JavaScript error: https://tpc.googlesyndication.com/sadbundle/$csp%3Der3%26dns%3Doff$/4791288366385305451/scripts/TextPlate.js, line 88: NS_ERROR_FAILURE: 
JavaScript error: https://tpc.googlesyndication.com/sadbundle/$csp%3Der3%26dns%3Doff$/4791288366385305451/scripts/TextPlate.js, line 88: NS_ERROR_FAILURE: 
JavaScript error: https://tpc.googlesyndication.com/sadbundle/$csp%3Der3%26dns%3Doff$/4791288366385305451/scripts/TextPlate.js, line 88: NS_ERROR_FAILURE: 
JavaScript error: https://tpc.googlesyndication.com/sadbundle/$csp%3Der3%26dns%3Doff$/4791288366385305451/scripts/TextPlate.js, line 88: NS_ERROR_FAILURE: 
JavaScript error: https://tpc.googlesyndication.com/sadbundle/$csp%3Der3%26dns%3Doff$/4791288366385305451/scripts/TextPlate.js, line 88: NS_ERROR_FAILURE: 
JavaScript error: https://tpc.googlesyndication.com/sadbundle/$csp%3Der3%26dns%3Doff$/4791288366385305451/scripts/TextPlate.js, line 88: NS_ERROR_FAILURE: 
JavaScript error: https://tpc.googlesyndication.com/sadbundle/$csp%3Der3%26dns%3Doff$/4791288366385305451/scripts/TextPlate.js, line 88: NS_ERROR_FAILURE: 
JavaScript error: https://tpc.googlesyndication.com/sadbundle/$csp%3Der3%26dns%3Doff$/4791288366385305451/scripts/TextPlate.js, line 88: NS_ERROR_FAILURE: 
JavaScript error: https://tpc.googlesyndication.com/sadbundle/$csp%3Der3%26dns%3Doff$/4791288366385305451/scripts/TextPlate.js, line 88: NS_ERROR_FAILURE: 
JavaScript error: https://tpc.googlesyndication.com/sadbundle/$csp%3Der3%26dns%3Doff$/4791288366385305451/scripts/TextPlate.js, line 88: NS_ERROR_FAILURE: 
JavaScript error: https://tpc.googlesyndication.com/sadbundle/$csp%3Der3%26dns%3Doff$/4791288366385305451/scripts/TextPlate.js, line 88: NS_ERROR_FAILURE: 
JavaScript error: https://tpc.googlesyndication.com/sadbundle/$csp%3Der3%26dns%3Doff$/4791288366385305451/scripts/TextPlate.js, line 88: NS_ERROR_FAILURE: 
JavaScript error: https://tpc.googlesyndication.com/sadbundle/$csp%3Der3%26dns%3Doff$/4791288366385305451/scripts/TextPlate.js, line 88: NS_ERROR_FAILURE: 
JavaScript error: https://tpc.googlesyndication.com/sadbundle/$csp%3Der3%26dns%3Doff$/4791288366385305451/scripts/TextPlate.js, line 88: NS_ERROR_FAILURE: 
JavaScript error: https://tpc.googlesyndication.com/sadbundle/$csp%3Der3%26dns%3Doff$/4791288366385305451/scripts/TextPlate.js, line 88: NS_ERROR_FAILURE: 
JavaScript error: https://tpc.googlesyndication.com/sadbundle/$csp%3Der3%26dns%3Doff$/4791288366385305451/scripts/TextPlate.js, line 88: NS_ERROR_FAILURE: 
JavaScript error: https://tpc.googlesyndication.com/sadbundle/$csp%3Der3%26dns%3Doff$/4791288366385305451/scripts/TextPlate.js, line 88: NS_ERROR_FAILURE: 
JavaScript error: https://tpc.googlesyndication.com/sadbundle/$csp%3Der3%26dns%3Doff$/4791288366385305451/scripts/TextPlate.js, line 88: NS_ERROR_FAILURE: 
JavaScript error: https://tpc.googlesyndication.com/sadbundle/$csp%3Der3%26dns%3Doff$/4791288366385305451/scripts/TextPlate.js, line 88: NS_ERROR_FAILURE: 
JavaScript error: https://tpc.googlesyndication.com/sadbundle/$csp%3Der3%26dns%3Doff$/4791288366385305451/scripts/TextPlate.js, line 88: NS_ERROR_FAILURE: 
JavaScript error: https://tpc.googlesyndication.com/sadbundle/$csp%3Der3%26dns%3Doff$/4791288366385305451/scripts/TextPlate.js, line 88: NS_ERROR_FAILURE: 
JavaScript error: https://tpc.googlesyndication.com/sadbundle/$csp%3Der3%26dns%3Doff$/4791288366385305451/scripts/TextPlate.js, line 88: NS_ERROR_FAILURE: 
JavaScript error: https://tpc.googlesyndication.com/sadbundle/$csp%3Der3%26dns%3Doff$/4791288366385305451/scripts/TextPlate.js, line 88: NS_ERROR_FAILURE: 
JavaScript error: https://tpc.googlesyndication.com/sadbundle/$csp%3Der3%26dns%3Doff$/4791288366385305451/scripts/TextPlate.js, line 88: NS_ERROR_FAILURE: 
JavaScript error: https://tpc.googlesyndication.com/sadbundle/$csp%3Der3%26dns%3Doff$/4791288366385305451/scripts/TextPlate.js, line 88: NS_ERROR_FAILURE: 
JavaScript error: https://tpc.googlesyndication.com/sadbundle/$csp%3Der3%26dns%3Doff$/4791288366385305451/scripts/TextPlate.js, line 88: NS_ERROR_FAILURE: 
JavaScript error: https://tpc.googlesyndication.com/sadbundle/$csp%3Der3%26dns%3Doff$/4791288366385305451/scripts/TextPlate.js, line 88: NS_ERROR_FAILURE: 
JavaScript error: https://tpc.googlesyndication.com/sadbundle/$csp%3Der3%26dns%3Doff$/4791288366385305451/scripts/TextPlate.js, line 88: NS_ERROR_FAILURE: 
JavaScript error: https://tpc.googlesyndication.com/sadbundle/$csp%3Der3%26dns%3Doff$/4791288366385305451/scripts/TextPlate.js, line 88: NS_ERROR_FAILURE: 
JavaScript error: https://tpc.googlesyndication.com/sadbundle/$csp%3Der3%26dns%3Doff$/4791288366385305451/scripts/TextPlate.js, line 88: NS_ERROR_FAILURE: 
JavaScript error: https://tpc.googlesyndication.com/sadbundle/$csp%3Der3%26dns%3Doff$/4791288366385305451/scripts/TextPlate.js, line 88: NS_ERROR_FAILURE: 
JavaScript error: https://tpc.googlesyndication.com/sadbundle/$csp%3Der3%26dns%3Doff$/4791288366385305451/scripts/TextPlate.js, line 88: NS_ERROR_FAILURE: 
JavaScript error: https://tpc.googlesyndication.com/sadbundle/$csp%3Der3%26dns%3Doff$/4791288366385305451/scripts/TextPlate.js, line 88: NS_ERROR_FAILURE: 
JavaScript error: https://tpc.googlesyndication.com/sadbundle/$csp%3Der3%26dns%3Doff$/4791288366385305451/scripts/TextPlate.js, line 88: NS_ERROR_FAILURE: 
JavaScript error: https://tpc.googlesyndication.com/sadbundle/$csp%3Der3%26dns%3Doff$/4791288366385305451/scripts/TextPlate.js, line 88: NS_ERROR_FAILURE: 
JavaScript error: https://tpc.googlesyndication.com/sadbundle/$csp%3Der3%26dns%3Doff$/4791288366385305451/scripts/TextPlate.js, line 88: NS_ERROR_FAILURE: 
JavaScript error: https://tpc.googlesyndication.com/sadbundle/$csp%3Der3%26dns%3Doff$/4791288366385305451/scripts/TextPlate.js, line 88: NS_ERROR_FAILURE: 
JavaScript error: https://tpc.googlesyndication.com/sadbundle/$csp%3Der3%26dns%3Doff$/4791288366385305451/scripts/TextPlate.js, line 88: NS_ERROR_FAILURE: 
JavaScript error: https://tpc.googlesyndication.com/sadbundle/$csp%3Der3%26dns%3Doff$/4791288366385305451/scripts/TextPlate.js, line 88: NS_ERROR_FAILURE: 
JavaScript error: https://tpc.googlesyndication.com/sadbundle/$csp%3Der3%26dns%3Doff$/4791288366385305451/scripts/TextPlate.js, line 88: NS_ERROR_FAILURE: 
JavaScript error: https://tpc.googlesyndication.com/sadbundle/$csp%3Der3%26dns%3Doff$/4791288366385305451/scripts/TextPlate.js, line 88: NS_ERROR_FAILURE: 
JavaScript error: https://tpc.googlesyndication.com/sadbundle/$csp%3Der3%26dns%3Doff$/4791288366385305451/scripts/TextPlate.js, line 88: NS_ERROR_FAILURE: 
JavaScript error: https://tpc.googlesyndication.com/sadbundle/$csp%3Der3%26dns%3Doff$/4791288366385305451/scripts/TextPlate.js, line 88: NS_ERROR_FAILURE: 
JavaScript error: https://tpc.googlesyndication.com/sadbundle/$csp%3Der3%26dns%3Doff$/4791288366385305451/scripts/TextPlate.js, line 88: NS_ERROR_FAILURE: 
JavaScript error: https://tpc.googlesyndication.com/sadbundle/$csp%3Der3%26dns%3Doff$/4791288366385305451/scripts/Objects.js, line 748: NS_ERROR_FAILURE: 
JavaScript error: https://tpc.googlesyndication.com/sadbundle/$csp%3Der3%26dns%3Doff$/4791288366385305451/scripts/Objects.js, line 748: NS_ERROR_FAILURE: 
JavaScript error: https://tpc.googlesyndication.com/sadbundle/$csp%3Der3%26dns%3Doff$/4791288366385305451/scripts/Objects.js, line 748: NS_ERROR_FAILURE: 
JavaScript error: https://tpc.googlesyndication.com/sadbundle/$csp%3Der3%26dns%3Doff$/4791288366385305451/scripts/Objects.js, line 748: NS_ERROR_FAILURE: 
JavaScript error: https://tpc.googlesyndication.com/sadbundle/$csp%3Der3%26dns%3Doff$/4791288366385305451/scripts/Objects.js, line 748: NS_ERROR_FAILURE: 
JavaScript error: https://tpc.googlesyndication.com/sadbundle/$csp%3Der3%26dns%3Doff$/4791288366385305451/scripts/Objects.js, line 748: NS_ERROR_FAILURE: 
JavaScript error: https://tpc.googlesyndication.com/sadbundle/$csp%3Der3%26dns%3Doff$/4791288366385305451/scripts/Objects.js, line 748: NS_ERROR_FAILURE: 
JavaScript error: https://tpc.googlesyndication.com/sadbundle/$csp%3Der3%26dns%3Doff$/4791288366385305451/scripts/Objects.js, line 748: NS_ERROR_FAILURE: 
JavaScript error: https://tpc.googlesyndication.com/sadbundle/$csp%3Der3%26dns%3Doff$/4791288366385305451/scripts/Objects.js, line 748: NS_ERROR_FAILURE: 
JavaScript error: https://tpc.googlesyndication.com/sadbundle/$csp%3Der3%26dns%3Doff$/4791288366385305451/scripts/Objects.js, line 748: NS_ERROR_FAILURE: 
JavaScript error: https://tpc.googlesyndication.com/sadbundle/$csp%3Der3%26dns%3Doff$/4791288366385305451/scripts/Objects.js, line 748: NS_ERROR_FAILURE: 
1526215932613	addons.productaddons	WARN	Failed downloading via XHR, status: 0, reason: error
IPDL protocol error: Handler returned error code!

###!!! [Parent][DispatchAsyncMessage] Error: PLayerTransaction::Msg_ReleaseLayer Processing error: message was deserialized, but the handler returned false (indicating failure)

IPDL protocol error: Handler returned error code!

###!!! [Parent][DispatchAsyncMessage] Error: PLayerTransaction::Msg_ReleaseLayer Processing error: message was deserialized, but the handler returned false (indicating failure)

IPDL protocol error: Handler returned error code!

###!!! [Parent][DispatchAsyncMessage] Error: PLayerTransaction::Msg_ReleaseLayer Processing error: message was deserialized, but the handler returned false (indicating failure)

IPDL protocol error: Handler returned error code!

###!!! [Parent][DispatchAsyncMessage] Error: PLayerTransaction::Msg_ReleaseLayer Processing error: message was deserialized, but the handler returned false (indicating failure)

IPDL protocol error: Handler returned error code!

###!!! [Parent][DispatchAsyncMessage] Error: PLayerTransaction::Msg_ReleaseLayer Processing error: message was deserialized, but the handler returned false (indicating failure)

IPDL protocol error: Handler returned error code!

###!!! [Parent][DispatchAsyncMessage] Error: PLayerTransaction::Msg_ReleaseLayer Processing error: message was deserialized, but the handler returned false (indicating failure)

IPDL protocol error: Handler returned error code!

###!!! [Parent][DispatchAsyncMessage] Error: PLayerTransaction::Msg_ReleaseLayer Processing error: message was deserialized, but the handler returned false (indicating failure)

IPDL protocol error: Handler returned error code!

###!!! [Parent][DispatchAsyncMessage] Error: PLayerTransaction::Msg_ReleaseLayer Processing error: message was deserialized, but the handler returned false (indicating failure)

[Child 28947, Chrome_ChildThread] WARNING: pipe error: Broken pipe: file /builds/worker/workspace/build/src/ipc/chromium/src/chrome/common/ipc_channel_posix.cc, line 709
[Child 28947, Chrome_ChildThread] WARNING: pipe error: Broken pipe: file /builds/worker/workspace/build/src/ipc/chromium/src/chrome/common/ipc_channel_posix.cc, line 709
[Child 28947, Chrome_ChildThread] WARNING: pipe error: Broken pipe: file /builds/worker/workspace/build/src/ipc/chromium/src/chrome/common/ipc_channel_posix.cc, line 709
[Child 28947, Chrome_ChildThread] WARNING: pipe error: Broken pipe: file /builds/worker/workspace/build/src/ipc/chromium/src/chrome/common/ipc_channel_posix.cc, line 709
[Child 28947, Chrome_ChildThread] WARNING: pipe error: Broken pipe: file /builds/worker/workspace/build/src/ipc/chromium/src/chrome/common/ipc_channel_posix.cc, line 709
[Child 28947, Chrome_ChildThread] WARNING: pipe error: Broken pipe: file /builds/worker/workspace/build/src/ipc/chromium/src/chrome/common/ipc_channel_posix.cc, line 709
[Child 28947, Chrome_ChildThread] WARNING: pipe error: Broken pipe: file /builds/worker/workspace/build/src/ipc/chromium/src/chrome/common/ipc_channel_posix.cc, line 709
*** UTM:SVC TimerManager:registerTimer called after profile-before-change notification. Ignoring timer registration for id: telemetry_modules_ping
